2019-08-01 12:06:45,933 ERROR: Exception on /explore [GET] [in d:\flask\microblog\venv\lib\site-packages\flask\app.py:1891]
Traceback (most recent call last):
  File "d:\flask\microblog\venv\lib\site-packages\flask\app.py", line 2446, in wsgi_app
    response = self.full_dispatch_request()
  File "d:\flask\microblog\venv\lib\site-packages\flask\app.py", line 1951, in full_dispatch_request
    rv = self.handle_user_exception(e)
  File "d:\flask\microblog\venv\lib\site-packages\flask\app.py", line 1820, in handle_user_exception
    reraise(exc_type, exc_value, tb)
  File "d:\flask\microblog\venv\lib\site-packages\flask\_compat.py", line 39, in reraise
    raise value
  File "d:\flask\microblog\venv\lib\site-packages\flask\app.py", line 1949, in full_dispatch_request
    rv = self.dispatch_request()
  File "d:\flask\microblog\venv\lib\site-packages\flask\app.py", line 1935, in dispatch_request
    return self.view_functions[rule.endpoint](**req.view_args)
  File "d:\flask\microblog\venv\lib\site-packages\flask_login\utils.py", line 261, in decorated_view
    return func(*args, **kwargs)
  File "D:\Flask\microblog\app\routes.py", line 37, in explore
    next_url = url_for('explore', page=posts.next_num) if posts.has_next else None
UnboundLocalError: local variable 'posts' referenced before assignment
2019-08-01 12:07:14,984 INFO: Microblog startup [in D:\Flask\microblog\app\__init__.py:44]
2019-08-01 13:08:24,916 INFO: Microblog startup [in D:\Flask\microblog\app\__init__.py:46]
2019-08-01 13:11:32,081 INFO: Microblog startup [in D:\Flask\microblog\app\__init__.py:46]
2019-08-01 19:36:06,090 INFO: Microblog startup [in D:\Flask\microblog\app\__init__.py:48]
2019-08-01 19:41:17,208 INFO: Microblog startup [in D:\Flask\microblog\app\__init__.py:48]
2019-08-01 19:51:48,350 INFO: Microblog startup [in D:\Flask\microblog\app\__init__.py:50]
2019-08-01 20:37:51,927 INFO: Microblog startup [in D:\Flask\microblog\app\__init__.py:60]
2019-08-01 20:37:59,359 ERROR: Exception on /index [GET] [in d:\flask\microblog\venv\lib\site-packages\flask\app.py:1891]
Traceback (most recent call last):
  File "d:\flask\microblog\venv\lib\site-packages\flask\app.py", line 2446, in wsgi_app
    response = self.full_dispatch_request()
  File "d:\flask\microblog\venv\lib\site-packages\flask\app.py", line 1951, in full_dispatch_request
    rv = self.handle_user_exception(e)
  File "d:\flask\microblog\venv\lib\site-packages\flask\app.py", line 1820, in handle_user_exception
    reraise(exc_type, exc_value, tb)
  File "d:\flask\microblog\venv\lib\site-packages\flask\_compat.py", line 39, in reraise
    raise value
  File "d:\flask\microblog\venv\lib\site-packages\flask\app.py", line 1949, in full_dispatch_request
    rv = self.dispatch_request()
  File "d:\flask\microblog\venv\lib\site-packages\flask\app.py", line 1935, in dispatch_request
    return self.view_functions[rule.endpoint](**req.view_args)
  File "d:\flask\microblog\venv\lib\site-packages\flask_login\utils.py", line 261, in decorated_view
    return func(*args, **kwargs)
  File "D:\Flask\microblog\app\routes.py", line 33, in index
    return render_template('index.html', title='Home', form=form, posts=posts.items, next_url=next_url, prev_url=prev_url)
  File "d:\flask\microblog\venv\lib\site-packages\flask\templating.py", line 140, in render_template
    ctx.app,
  File "d:\flask\microblog\venv\lib\site-packages\flask\templating.py", line 120, in _render
    rv = template.render(context)
  File "d:\flask\microblog\venv\lib\site-packages\jinja2\asyncsupport.py", line 76, in render
    return original_render(self, *args, **kwargs)
  File "d:\flask\microblog\venv\lib\site-packages\jinja2\environment.py", line 1008, in render
    return self.environment.handle_exception(exc_info, True)
  File "d:\flask\microblog\venv\lib\site-packages\jinja2\environment.py", line 780, in handle_exception
    reraise(exc_type, exc_value, tb)
  File "d:\flask\microblog\venv\lib\site-packages\jinja2\_compat.py", line 37, in reraise
    raise value.with_traceback(tb)
  File "D:\Flask\microblog\app\templates\index.html", line 1, in top-level template code
    {% extends "base.html" %}
  File "D:\Flask\microblog\app\templates\base.html", line 1, in top-level template code
    {% extends 'bootstrap/base.html' %}
  File "d:\flask\microblog\venv\lib\site-packages\flask_bootstrap\templates\bootstrap\base.html", line 1, in top-level template code
    {% block doc -%}
  File "d:\flask\microblog\venv\lib\site-packages\flask_bootstrap\templates\bootstrap\base.html", line 4, in block "doc"
    {%- block html %}
  File "d:\flask\microblog\venv\lib\site-packages\flask_bootstrap\templates\bootstrap\base.html", line 20, in block "html"
    {% block body -%}
  File "d:\flask\microblog\venv\lib\site-packages\flask_bootstrap\templates\bootstrap\base.html", line 23, in block "body"
    {% block content -%}
  File "D:\Flask\microblog\app\templates\base.html", line 52, in block "content"
    {% block app_content %}{% endblock %}
  File "D:\Flask\microblog\app\templates\index.html", line 19, in block "app_content"
    {% include '_post.html' %}
  File "D:\Flask\microblog\app\templates\_post.html", line 14, in top-level template code
    {{ _('%(username)s said %(when)s', username=user_link, whrn=moment(post.timestamp).fromNow()) }}
  File "d:\flask\microblog\venv\lib\site-packages\jinja2\ext.py", line 134, in _gettext_alias
    return __context.call(__context.resolve('gettext'), *args, **kwargs)
  File "d:\flask\microblog\venv\lib\site-packages\jinja2\ext.py", line 143, in gettext
    return rv % variables
  File "d:\flask\microblog\venv\lib\site-packages\markupsafe\__init__.py", line 102, in __mod__
    return self.__class__(text_type.__mod__(self, arg))
  File "d:\flask\microblog\venv\lib\site-packages\markupsafe\__init__.py", line 301, in __getitem__
    return _MarkupEscapeHelper(self.obj[item], self.escape)
KeyError: 'when'
2019-08-01 20:38:46,835 INFO: Microblog startup [in D:\Flask\microblog\app\__init__.py:60]
2019-08-01 20:53:39,815 INFO: Microblog startup [in D:\Flask\microblog\app\__init__.py:60]
2019-08-01 20:56:36,735 INFO: Microblog startup [in D:\Flask\microblog\app\__init__.py:60]
2019-08-01 20:56:43,863 INFO: Microblog startup [in D:\Flask\microblog\app\__init__.py:60]
2019-08-01 20:56:56,969 INFO: Microblog startup [in D:\Flask\microblog\app\__init__.py:60]
